<?xml version="1.0" encoding="UTF-8"?>
<!-- Generated by org.testng.reporters.JUnitReportReporter -->
<testsuite hostname="lenovo" failures="0" tests="1" name="API_demo.Test01_Get" time="8.538" errors="0" timestamp="2023-02-08T09:17:23 IST" skipped="0">
  <testcase classname="API_demo.Test01_Get" name="Test01" time="8.538"/>
  <system-out/>
</testsuite> <!-- API_demo.Test01_Get -->
